<?xml version="1.0" encoding="UTF-8"?>
<testsuite name="demos.EquivalentStringsTest" tests="13" skipped="0" failures="0" errors="0" timestamp="2021-10-19T15:45:49" hostname="LAPTOP-NBNDQKTO" time="0.11">
  <properties/>
  <testcase name="testDefaultValues()" classname="demos.EquivalentStringsTest" time="0.074"/>
  <testcase name="testisEqual()" classname="demos.EquivalentStringsTest" time="0.002"/>
  <testcase name="testisEqual2()" classname="demos.EquivalentStringsTest" time="0.002"/>
  <testcase name="testisEqual3()" classname="demos.EquivalentStringsTest" time="0.002"/>
  <testcase name="testisEqual4()" classname="demos.EquivalentStringsTest" time="0.001"/>
  <testcase name="testisEqual5()" classname="demos.EquivalentStringsTest" time="0.002"/>
  <testcase name="testisEqual6()" classname="demos.EquivalentStringsTest" time="0.002"/>
  <testcase name="testisEqual7()" classname="demos.EquivalentStringsTest" time="0.001"/>
  <testcase name="testisEqual8()" classname="demos.EquivalentStringsTest" time="0.004"/>
  <testcase name="testIsRepeat()" classname="demos.EquivalentStringsTest" time="0.001"/>
  <testcase name="testbuildDict1()" classname="demos.EquivalentStringsTest" time="0.001"/>
  <testcase name="testbuildDict2()" classname="demos.EquivalentStringsTest" time="0.001"/>
  <testcase name="testSearch()" classname="demos.EquivalentStringsTest" time="0.004"/>
  <system-out><![CDATA[]]></system-out>
  <system-err><![CDATA[]]></system-err>
</testsuite>
