<?xml version="1.0" encoding="UTF-8"?>
<testsuite name="demos.EquivalentStringsTest" tests="1" skipped="0" failures="0" errors="0" timestamp="2021-10-13T17:49:11" hostname="DESKTOP-MR5QIHE" time="0.045">
  <properties/>
  <testcase name="exampleTest()" classname="demos.EquivalentStringsTest" time="0.045"/>
  <system-out><![CDATA[]]></system-out>
  <system-err><![CDATA[]]></system-err>
</testsuite>
