<?xml version="1.0" encoding="UTF-8"?>
<testsuite name="demos.EquivalentStringsTest" tests="15" skipped="0" failures="0" errors="0" timestamp="2021-12-13T00:41:02" hostname="b56cb617a0fb" time="0.079">
  <properties/>
  <testcase name="testSearchDNE()" classname="demos.EquivalentStringsTest" time="0.035"/>
  <testcase name="testSetUniqueChar()" classname="demos.EquivalentStringsTest" time="0.004"/>
  <testcase name="testDefaultValues()" classname="demos.EquivalentStringsTest" time="0.003"/>
  <testcase name="testisEqual()" classname="demos.EquivalentStringsTest" time="0.001"/>
  <testcase name="testisEqual2()" classname="demos.EquivalentStringsTest" time="0.005"/>
  <testcase name="testisEqual3()" classname="demos.EquivalentStringsTest" time="0.001"/>
  <testcase name="testisEqual4()" classname="demos.EquivalentStringsTest" time="0.001"/>
  <testcase name="testisEqual5()" classname="demos.EquivalentStringsTest" time="0.001"/>
  <testcase name="testisEqual6()" classname="demos.EquivalentStringsTest" time="0.003"/>
  <testcase name="testisEqual7()" classname="demos.EquivalentStringsTest" time="0.0"/>
  <testcase name="testisEqual8()" classname="demos.EquivalentStringsTest" time="0.001"/>
  <testcase name="testIsRepeat()" classname="demos.EquivalentStringsTest" time="0.0"/>
  <testcase name="testbuildDict1()" classname="demos.EquivalentStringsTest" time="0.001"/>
  <testcase name="testbuildDict2()" classname="demos.EquivalentStringsTest" time="0.003"/>
  <testcase name="testSearch()" classname="demos.EquivalentStringsTest" time="0.004"/>
  <system-out><![CDATA[]]></system-out>
  <system-err><![CDATA[]]></system-err>
</testsuite>
