<?xml version="1.0" encoding="UTF-8"?>
<testsuite name="edu.wofford.woclo.PlaceholderTest" tests="1" skipped="0" failures="0" errors="0" timestamp="2021-10-19T15:27:20" hostname="LAPTOP-NBNDQKTO" time="0.002">
  <properties/>
  <testcase name="testSomething()" classname="edu.wofford.woclo.PlaceholderTest" time="0.002"/>
  <system-out><![CDATA[]]></system-out>
  <system-err><![CDATA[]]></system-err>
</testsuite>
